  317008041_PRACTICA9_GPO12.cpp
D:\8 semestre\computacion grafica\practicas\pract9\317008041_Practica9_GPO12\Pract9\Pract9\317008041_PRACTICA9_GPO12.cpp(194,24): warning C4244: 'inicializando': conversión de 'double' a 'GLfloat'; posible pérdida de datos
D:\8 semestre\computacion grafica\practicas\pract9\317008041_Practica9_GPO12\Pract9\Pract9\317008041_PRACTICA9_GPO12.cpp(229,20): warning C4244: '=': conversión de 'double' a 'T'; posible pérdida de datos
          with
          [
              T=float
          ]
D:\8 semestre\computacion grafica\practicas\pract9\317008041_Practica9_GPO12\Pract9\Pract9\317008041_PRACTICA9_GPO12.cpp(230,20): warning C4244: '=': conversión de 'double' a 'T'; posible pérdida de datos
          with
          [
              T=float
          ]
D:\8 semestre\computacion grafica\practicas\pract9\317008041_Practica9_GPO12\Pract9\Pract9\317008041_PRACTICA9_GPO12.cpp(231,20): warning C4244: '=': conversión de 'double' a 'T'; posible pérdida de datos
          with
          [
              T=float
          ]
D:\8 semestre\computacion grafica\practicas\pract9\317008041_Practica9_GPO12\Pract9\Pract9\317008041_PRACTICA9_GPO12.cpp(321,25): warning C4244: '=': conversión de 'double' a 'float'; posible pérdida de datos
D:\8 semestre\computacion grafica\practicas\pract9\317008041_Practica9_GPO12\Pract9\Pract9\317008041_PRACTICA9_GPO12.cpp(341,26): warning C4244: '=': conversión de 'double' a 'float'; posible pérdida de datos
D:\8 semestre\computacion grafica\practicas\pract9\317008041_Practica9_GPO12\Pract9\Pract9\317008041_PRACTICA9_GPO12.cpp(490,11): warning C4244: '=': conversión de 'double' a 'GLfloat'; posible pérdida de datos
D:\8 semestre\computacion grafica\practicas\pract9\317008041_Practica9_GPO12\Pract9\Pract9\317008041_PRACTICA9_GPO12.cpp(491,11): warning C4244: '=': conversión de 'double' a 'GLfloat'; posible pérdida de datos
D:\8 semestre\computacion grafica\practicas\pract9\317008041_Practica9_GPO12\Pract9\Pract9\317008041_PRACTICA9_GPO12.cpp(495,18): warning C4244: 'inicializando': conversión de 'double' a 'GLfloat'; posible pérdida de datos
D:\8 semestre\computacion grafica\practicas\pract9\317008041_Practica9_GPO12\Pract9\Pract9\317008041_PRACTICA9_GPO12.cpp(496,18): warning C4244: 'inicializando': conversión de 'double' a 'GLfloat'; posible pérdida de datos
D:\8 semestre\computacion grafica\practicas\pract9\317008041_Practica9_GPO12\Pract9\Pract9\317008041_PRACTICA9_GPO12.cpp(498,10): warning C4244: '=': conversión de 'double' a 'GLfloat'; posible pérdida de datos
D:\8 semestre\computacion grafica\practicas\pract9\317008041_Practica9_GPO12\Pract9\Pract9\317008041_PRACTICA9_GPO12.cpp(499,10): warning C4244: '=': conversión de 'double' a 'GLfloat'; posible pérdida de datos
LINK : warning LNK4098: la biblioteca predeterminada'MSVCRT' entra en conflicto con otras bibliotecas; use la biblioteca /NODEFAULTLIB:biblioteca
soil2-debug.lib(etc1_utils.obj) : warning LNK4099: no se encontró PDB '' con 'soil2-debug.lib(etc1_utils.obj)' o en ''; se vinculará el objeto sin tener en cuenta información de depuración
soil2-debug.lib(image_DXT.obj) : warning LNK4099: no se encontró PDB '' con 'soil2-debug.lib(image_DXT.obj)' o en ''; se vinculará el objeto sin tener en cuenta información de depuración
soil2-debug.lib(image_helper.obj) : warning LNK4099: no se encontró PDB '' con 'soil2-debug.lib(image_helper.obj)' o en ''; se vinculará el objeto sin tener en cuenta información de depuración
soil2-debug.lib(SOIL2.obj) : warning LNK4099: no se encontró PDB '' con 'soil2-debug.lib(SOIL2.obj)' o en ''; se vinculará el objeto sin tener en cuenta información de depuración
  Pract9.vcxproj -> D:\8 semestre\computacion grafica\practicas\pract9\317008041_Practica9_GPO12\Pract9\Debug\Pract9.exe
